<?xml version="1.0" encoding="UTF-8"?>
<!-- Generated by org.testng.reporters.JUnitReportReporter -->
<testsuite skipped="0" hostname="FCU-NBK819" name="docker.Test2" tests="1" failures="0" timestamp="2022-11-29T15:59:51 MEZ" time="2.402" errors="0">
  <testcase name="test1" time="2.402" classname="docker.Test2"/>
  <system-out/>
</testsuite> <!-- docker.Test2 -->
